<?xml version="1.0" encoding="UTF-8"?>
<!-- Generated by org.testng.reporters.JUnitReportReporter -->
<testsuite hostname="LAPTOP-DHFIG33S" failures="0" tests="1" name="product.ProductTest" time="103.170" errors="0" timestamp="2025-08-04T20:41:00 IST" skipped="0">
  <testcase classname="product.ProductTest" name="toCreateProductWithMandatoryFieldsTest" time="103.170"/>
</testsuite> <!-- product.ProductTest -->
