<?xml version="1.0" encoding="UTF-8"?>
<!-- Generated by org.testng.reporters.JUnitReportReporter -->
<testsuite hostname="LAPTOP-DHFIG33S" failures="0" tests="3" name="testNGPractice.InvCount" time="9.869" errors="0" timestamp="2025-07-24T19:33:47 IST" skipped="0">
  <testcase classname="testNGPractice.InvCount" name="login" time="3.200"/>
  <testcase classname="testNGPractice.InvCount" name="login" time="3.066"/>
  <testcase classname="testNGPractice.InvCount" name="login" time="3.603"/>
</testsuite> <!-- testNGPractice.InvCount -->
