<?xml version="1.0" encoding="UTF-8"?>
<!-- Generated by org.testng.reporters.JUnitReportReporter -->
<testsuite hostname="LAPTOP-DHFIG33S" failures="0" tests="1" name="testNGPractice.ScreenShot" time="9.586" errors="0" timestamp="2025-07-30T20:55:17 IST" skipped="0">
  <testcase classname="testNGPractice.ScreenShot" name="takeScreenShot" time="9.586"/>
</testsuite> <!-- testNGPractice.ScreenShot -->
