<?xml version="1.0" encoding="UTF-8"?>
<!-- Generated by org.testng.reporters.JUnitReportReporter -->
<testsuite hostname="LAPTOP-DHFIG33S" failures="0" tests="5" name="testNGPractice.Demo" time="0.020" errors="0" timestamp="2025-07-24T19:08:04 IST" skipped="0">
  <testcase classname="testNGPractice.Demo" name="b22" time="0.002">
    <system-out>
      <![CDATA[b22 executed]]>
    </system-out>
  </testcase> <!-- b22 -->
  <testcase classname="testNGPractice.Demo" name="a11" time="0.011">
    <system-out>
      <![CDATA[a11 executed]]>
    </system-out>
  </testcase> <!-- a11 -->
  <testcase classname="testNGPractice.Demo" name="b55" time="0.002">
    <system-out>
      <![CDATA[b55 executed]]>
    </system-out>
  </testcase> <!-- b55 -->
  <testcase classname="testNGPractice.Demo" name="a15" time="0.003">
    <system-out>
      <![CDATA[a15 executed]]>
    </system-out>
  </testcase> <!-- a15 -->
  <testcase classname="testNGPractice.Demo" name="b12" time="0.002">
    <system-out>
      <![CDATA[b12 created]]>
    </system-out>
  </testcase> <!-- b12 -->
  <system-out>
    <![CDATA[a11 executed
a15 executed
b12 created
b22 executed
b55 executed]]>
  </system-out>
</testsuite> <!-- testNGPractice.Demo -->
