<?xml version="1.0" encoding="UTF-8"?>
<!-- Generated by org.testng.reporters.JUnitReportReporter -->
<testsuite hostname="LAPTOP-DHFIG33S" failures="0" tests="1" name="implementationofutilities.CreateCampaignWithMandatoryFields" time="28.416" errors="0" timestamp="2025-07-26T19:42:49 IST" skipped="0">
  <testcase classname="implementationofutilities.CreateCampaignWithMandatoryFields" name="toCreateCampaignWithMandatoryFields" time="28.416"/>
</testsuite> <!-- implementationofutilities.CreateCampaignWithMandatoryFields -->
