<?xml version="1.0" encoding="UTF-8"?>
<!-- Generated by org.testng.reporters.JUnitReportReporter -->
<testsuite hostname="LAPTOP-DHFIG33S" failures="0" tests="3" name="testNGPractice.DataProvider1" time="0.009" errors="0" timestamp="2025-07-25T19:33:05 IST" skipped="0">
  <testcase classname="testNGPractice.DataProvider1" name="login" time="0.007"/>
  <testcase classname="testNGPractice.DataProvider1" name="login" time="0.002"/>
  <testcase classname="testNGPractice.DataProvider1" name="login" time="0.000"/>
</testsuite> <!-- testNGPractice.DataProvider1 -->
