<?xml version="1.0" encoding="UTF-8"?>
<!-- Generated by org.testng.reporters.JUnitReportReporter -->
<testsuite hostname="LAPTOP-DHFIG33S" failures="0" tests="4" name="testNGPractice.Enabled" time="0.016" errors="0" timestamp="2025-07-24T19:51:36 IST" skipped="1">
  <testcase classname="testNGPractice.Enabled" name="a11" time="0.009">
    <system-out>
      <![CDATA[a11 executed]]>
    </system-out>
  </testcase> <!-- a11 -->
  <testcase classname="testNGPractice.Enabled" name="b12" time="0.004">
    <system-out>
      <![CDATA[b12 created]]>
    </system-out>
  </testcase> <!-- b12 -->
  <testcase classname="testNGPractice.Enabled" name="b22" time="0.003">
    <system-out>
      <![CDATA[b22 executed]]>
    </system-out>
  </testcase> <!-- b22 -->
  <testcase classname="testNGPractice.Enabled" name="a15">
    <skipped/>
  </testcase> <!-- a15 -->
  <system-out>
    <![CDATA[a11 executed
b12 created
b22 executed]]>
  </system-out>
</testsuite> <!-- testNGPractice.Enabled -->
