<?xml version="1.0" encoding="UTF-8"?>
<!-- Generated by org.testng.reporters.JUnitReportReporter -->
<testsuite hostname="LAPTOP-DHFIG33S" failures="0" tests="1" name="testNGPractice.Assertion" time="5.246" errors="0" timestamp="2025-07-29T20:21:27 IST" skipped="0">
  <testcase classname="testNGPractice.Assertion" name="demo" time="5.246"/>
</testsuite> <!-- testNGPractice.Assertion -->
