<?xml version="1.0" encoding="UTF-8"?>
<!-- Generated by org.testng.reporters.JUnitReportReporter -->
<testsuite hostname="LAPTOP-DHFIG33S" failures="0" tests="1" name="testNGPractice.ConfigAnnotation" time="0.007" errors="0" timestamp="2025-07-26T19:03:55 IST" skipped="0">
  <testcase classname="testNGPractice.ConfigAnnotation" name="demo" time="0.007"/>
</testsuite> <!-- testNGPractice.ConfigAnnotation -->
