<?xml version="1.0" encoding="UTF-8"?>
<!-- Generated by org.testng.reporters.JUnitReportReporter -->
<testsuite hostname="LAPTOP-DHFIG33S" failures="0" tests="1" name="implementationofutilities.CreateCampaignWithStatus" time="26.584" errors="0" timestamp="2025-07-26T19:51:13 IST" skipped="0">
  <testcase classname="implementationofutilities.CreateCampaignWithStatus" name="toCreateCampaignWithStaus" time="26.584"/>
</testsuite> <!-- implementationofutilities.CreateCampaignWithStatus -->
