<?xml version="1.0" encoding="UTF-8"?>
<!-- Generated by org.testng.reporters.JUnitReportReporter -->
<testsuite hostname="LAPTOP-DHFIG33S" failures="0" tests="3" name="testNGPractice.Priority" time="0.027" errors="0" timestamp="2025-07-24T19:25:10 IST" skipped="0">
  <testcase classname="testNGPractice.Priority" name="sub" time="0.011">
    <system-out>
      <![CDATA[sub]]>
    </system-out>
  </testcase> <!-- sub -->
  <testcase classname="testNGPractice.Priority" name="add" time="0.012">
    <system-out>
      <![CDATA[add]]>
    </system-out>
  </testcase> <!-- add -->
  <testcase classname="testNGPractice.Priority" name="div" time="0.004">
    <system-out>
      <![CDATA[div]]>
    </system-out>
  </testcase> <!-- div -->
  <system-out>
    <![CDATA[sub
add
div]]>
  </system-out>
</testsuite> <!-- testNGPractice.Priority -->
