<?xml version="1.0" encoding="UTF-8"?>
<!-- Generated by org.testng.reporters.JUnitReportReporter -->
<testsuite hostname="LAPTOP-DHFIG33S" failures="0" tests="1" name="implementationofutilities.CreateCampaignWithExpDate" time="30.245" errors="0" timestamp="2025-07-26T19:55:32 IST" skipped="0">
  <testcase classname="implementationofutilities.CreateCampaignWithExpDate" name="toCreateCampaignWithExpDate" time="30.245"/>
</testsuite> <!-- implementationofutilities.CreateCampaignWithExpDate -->
