<?xml version="1.0" encoding="UTF-8"?>
<!-- Generated by org.testng.reporters.JUnitReportReporter -->
<testsuite hostname="LAPTOP-DHFIG33S" failures="0" tests="3" name="campaign.CampaignTest" time="97.979" errors="0" timestamp="2025-08-04T20:41:00 IST" skipped="0">
  <testcase classname="campaign.CampaignTest" name="toCreateCampaignWithMandatoryFieldsTest" time="20.753"/>
  <testcase classname="campaign.CampaignTest" name="toCreateCampaignWithStausTest" time="53.604"/>
  <testcase classname="campaign.CampaignTest" name="toCreateCampaignWithExpDateTest" time="23.622"/>
</testsuite> <!-- campaign.CampaignTest -->
