<?xml version="1.0" encoding="UTF-8"?>
<!-- Generated by org.testng.reporters.JUnitReportReporter -->
<testsuite hostname="LAPTOP-DHFIG33S" failures="0" tests="3" name="testNGPractice.Dependson" time="0.016" errors="0" timestamp="2025-07-25T19:10:38 IST" skipped="0">
  <testcase classname="testNGPractice.Dependson" name="addCart" time="0.011">
    <system-out>
      <![CDATA[added]]>
    </system-out>
  </testcase> <!-- addCart -->
  <testcase classname="testNGPractice.Dependson" name="editCart" time="0.003">
    <system-out>
      <![CDATA[edited]]>
    </system-out>
  </testcase> <!-- editCart -->
  <testcase classname="testNGPractice.Dependson" name="deleteCart" time="0.002">
    <system-out>
      <![CDATA[deleted]]>
    </system-out>
  </testcase> <!-- deleteCart -->
  <system-out>
    <![CDATA[added
edited
deleted]]>
  </system-out>
</testsuite> <!-- testNGPractice.Dependson -->
