<?xml version="1.0" encoding="UTF-8"?>
<!-- Generated by org.testng.reporters.JUnitReportReporter -->
<testsuite hostname="LAPTOP-DHFIG33S" failures="0" tests="5" name="testNGPractice.ThreadPoolSize" time="18.545" errors="0" timestamp="2025-07-24T19:42:39 IST" skipped="0">
  <testcase classname="testNGPractice.ThreadPoolSize" name="login" time="3.152"/>
  <testcase classname="testNGPractice.ThreadPoolSize" name="login" time="4.084"/>
  <testcase classname="testNGPractice.ThreadPoolSize" name="login" time="3.630"/>
  <testcase classname="testNGPractice.ThreadPoolSize" name="login" time="3.598"/>
  <testcase classname="testNGPractice.ThreadPoolSize" name="login" time="4.081"/>
</testsuite> <!-- testNGPractice.ThreadPoolSize -->
